<?xml version="1.0" encoding="UTF-8" ?>
<testsuite errors="0" failures="0" hostname="Zoyas-MacBook-Air.local" name="GUI.AddStudentGradesTest" skipped="0" tests="2" time="5.779" timestamp="2024-06-08T06:31:30">
  <properties>
    <property name="libs.spring-framework300.classpath" value="/Applications/Apache NetBeans.app/Contents/Resources/netbeans/platform/modules/org-apache-commons-logging.jar:/Applications/Apache NetBeans.app/Contents/Resources/netbeans/java/modules/ext/cglib-2.2.jar:/Applications/Apache NetBeans.app/Contents/Resources/netbeans/java/modules/ext/spring-3.0/spring-aop-3.2.18.RELEASE.jar:/Applications/Apache NetBeans.app/Contents/Resources/netbeans/java/modules/ext/spring-3.0/spring-aspects-3.2.18.RELEASE.jar:/Applications/Apache NetBeans.app/Contents/Resources/netbeans/java/modules/ext/spring-3.0/spring-beans-3.2.18.RELEASE.jar:/Applications/Apache NetBeans.app/Contents/Resources/netbeans/java/modules/ext/spring-3.0/spring-context-3.2.18.RELEASE.jar:/Applications/Apache NetBeans.app/Contents/Resources/netbeans/java/modules/ext/spring-3.0/spring-context-support-3.2.18.RELEASE.jar:/Applications/Apache NetBeans.app/Contents/Resources/netbeans/java/modules/ext/spring-3.0/spring-core-3.2.18.RELEASE.jar:/Applications/Apache NetBeans.app/Contents/Resources/netbeans/java/modules/ext/spring-3.0/spring-expression-3.2.18.RELEASE.jar:/Applications/Apache NetBeans.app/Contents/Resources/netbeans/java/modules/ext/spring-3.0/spring-instrument-3.2.18.RELEASE.jar:/Applications/Apache NetBeans.app/Contents/Resources/netbeans/java/modules/ext/spring-3.0/spring-instrument-tomcat-3.2.18.RELEASE.jar:/Applications/Apache NetBeans.app/Contents/Resources/netbeans/java/modules/ext/spring-3.0/spring-jdbc-3.2.18.RELEASE.jar:/Applications/Apache NetBeans.app/Contents/Resources/netbeans/java/modules/ext/spring-3.0/spring-jms-3.2.18.RELEASE.jar:/Applications/Apache NetBeans.app/Contents/Resources/netbeans/java/modules/ext/spring-3.0/spring-orm-3.2.18.RELEASE.jar:/Applications/Apache NetBeans.app/Contents/Resources/netbeans/java/modules/ext/spring-3.0/spring-oxm-3.2.18.RELEASE.jar:/Applications/Apache NetBeans.app/Contents/Resources/netbeans/java/modules/ext/spring-3.0/spring-struts-3.2.18.RELEASE.jar:/Applications/Apache NetBeans.app/Contents/Resources/netbeans/java/modules/ext/spring-3.0/spring-test-3.2.18.RELEASE.jar:/Applications/Apache NetBeans.app/Contents/Resources/netbeans/java/modules/ext/spring-3.0/spring-tx-3.2.18.RELEASE.jar:/Applications/Apache NetBeans.app/Contents/Resources/netbeans/java/modules/ext/spring-3.0/spring-web-3.2.18.RELEASE.jar:/Applications/Apache NetBeans.app/Contents/Resources/netbeans/java/modules/ext/spring-3.0/spring-webmvc-3.2.18.RELEASE.jar:/Applications/Apache NetBeans.app/Contents/Resources/netbeans/java/modules/ext/spring-3.0/spring-webmvc-portlet-3.2.18.RELEASE.jar" />
    <property name="javac.test.classpath" value="/Users/zoyamahmood/Downloads/db-derby-10.14.2.0-lib 2/lib/derby.jar:/Users/zoyamahmood/Downloads/db-derby-10.14.2.0-lib 2/lib/derbyclient.jar:/Applications/Apache NetBeans.app/Contents/Resources/netbeans/platform/modules/ext/junit-jupiter-api-5.6.0.jar:/Applications/Apache NetBeans.app/Contents/Resources/netbeans/platform/modules/ext/junit-jupiter-params-5.6.0.jar:/Applications/Apache NetBeans.app/Contents/Resources/netbeans/platform/modules/ext/junit-jupiter-engine-5.6.0.jar:/Applications/Apache NetBeans.app/Contents/Resources/netbeans/platform/modules/ext/junit-4.13.2.jar:/Applications/Apache NetBeans.app/Contents/Resources/netbeans/platform/modules/ext/hamcrest-core-1.3.jar:build/classes" />
    <property name="java.specification.version" value="11" />
    <property name="jar.index.metainf" value="false" />
    <property name="libs.spring-framework500.classpath" value="/Applications/Apache NetBeans.app/Contents/Resources/netbeans/platform/modules/org-apache-commons-logging.jar:/Applications/Apache NetBeans.app/Contents/Resources/netbeans/java/modules/ext/cglib-2.2.jar:/Applications/Apache NetBeans.app/Contents/Resources/netbeans/java/modules/ext/spring-5/spring-aop-5.2.9.RELEASE.jar:/Applications/Apache NetBeans.app/Contents/Resources/netbeans/java/modules/ext/spring-5/spring-aspects-5.2.9.RELEASE.jar:/Applications/Apache NetBeans.app/Contents/Resources/netbeans/java/modules/ext/spring-5/spring-beans-5.2.9.RELEASE.jar:/Applications/Apache NetBeans.app/Contents/Resources/netbeans/java/modules/ext/spring-5/spring-context-5.2.9.RELEASE.jar:/Applications/Apache NetBeans.app/Contents/Resources/netbeans/java/modules/ext/spring-5/spring-context-indexer-5.2.9.RELEASE.jar:/Applications/Apache NetBeans.app/Contents/Resources/netbeans/java/modules/ext/spring-5/spring-context-support-5.2.9.RELEASE.jar:/Applications/Apache NetBeans.app/Contents/Resources/netbeans/java/modules/ext/spring-5/spring-core-5.2.9.RELEASE.jar:/Applications/Apache NetBeans.app/Contents/Resources/netbeans/java/modules/ext/spring-5/spring-expression-5.2.9.RELEASE.jar:/Applications/Apache NetBeans.app/Contents/Resources/netbeans/java/modules/ext/spring-5/spring-instrument-5.2.9.RELEASE.jar:/Applications/Apache NetBeans.app/Contents/Resources/netbeans/java/modules/ext/spring-5/spring-jcl-5.2.9.RELEASE.jar:/Applications/Apache NetBeans.app/Contents/Resources/netbeans/java/modules/ext/spring-5/spring-jdbc-5.2.9.RELEASE.jar:/Applications/Apache NetBeans.app/Contents/Resources/netbeans/java/modules/ext/spring-5/spring-jms-5.2.9.RELEASE.jar:/Applications/Apache NetBeans.app/Contents/Resources/netbeans/java/modules/ext/spring-5/spring-messaging-5.2.9.RELEASE.jar:/Applications/Apache NetBeans.app/Contents/Resources/netbeans/java/modules/ext/spring-5/spring-orm-5.2.9.RELEASE.jar:/Applications/Apache NetBeans.app/Contents/Resources/netbeans/java/modules/ext/spring-5/spring-oxm-5.2.9.RELEASE.jar:/Applications/Apache NetBeans.app/Contents/Resources/netbeans/java/modules/ext/spring-5/spring-test-5.2.9.RELEASE.jar:/Applications/Apache NetBeans.app/Contents/Resources/netbeans/java/modules/ext/spring-5/spring-tx-5.2.9.RELEASE.jar:/Applications/Apache NetBeans.app/Contents/Resources/netbeans/java/modules/ext/spring-5/spring-web-5.2.9.RELEASE.jar:/Applications/Apache NetBeans.app/Contents/Resources/netbeans/java/modules/ext/spring-5/spring-webflux-5.2.9.RELEASE.jar:/Applications/Apache NetBeans.app/Contents/Resources/netbeans/java/modules/ext/spring-5/spring-webmvc-5.2.9.RELEASE.jar:/Applications/Apache NetBeans.app/Contents/Resources/netbeans/java/modules/ext/spring-5/spring-websocket-5.2.9.RELEASE.jar" />
    <property name="libs.spring-webmvc4.0.javadoc" value="" />
    <property name="libs.spring-framework400.classpath" value="/Applications/Apache NetBeans.app/Contents/Resources/netbeans/platform/modules/org-apache-commons-logging.jar:/Applications/Apache NetBeans.app/Contents/Resources/netbeans/java/modules/ext/cglib-2.2.jar:/Applications/Apache NetBeans.app/Contents/Resources/netbeans/java/modules/ext/spring-4/spring-aop-4.3.29.RELEASE.jar:/Applications/Apache NetBeans.app/Contents/Resources/netbeans/java/modules/ext/spring-4/spring-aspects-4.3.29.RELEASE.jar:/Applications/Apache NetBeans.app/Contents/Resources/netbeans/java/modules/ext/spring-4/spring-beans-4.3.29.RELEASE.jar:/Applications/Apache NetBeans.app/Contents/Resources/netbeans/java/modules/ext/spring-4/spring-context-4.3.29.RELEASE.jar:/Applications/Apache NetBeans.app/Contents/Resources/netbeans/java/modules/ext/spring-4/spring-context-support-4.3.29.RELEASE.jar:/Applications/Apache NetBeans.app/Contents/Resources/netbeans/java/modules/ext/spring-4/spring-core-4.3.29.RELEASE.jar:/Applications/Apache NetBeans.app/Contents/Resources/netbeans/java/modules/ext/spring-4/spring-expression-4.3.29.RELEASE.jar:/Applications/Apache NetBeans.app/Contents/Resources/netbeans/java/modules/ext/spring-4/spring-instrument-4.3.29.RELEASE.jar:/Applications/Apache NetBeans.app/Contents/Resources/netbeans/java/modules/ext/spring-4/spring-instrument-tomcat-4.3.29.RELEASE.jar:/Applications/Apache NetBeans.app/Contents/Resources/netbeans/java/modules/ext/spring-4/spring-jdbc-4.3.29.RELEASE.jar:/Applications/Apache NetBeans.app/Contents/Resources/netbeans/java/modules/ext/spring-4/spring-jms-4.3.29.RELEASE.jar:/Applications/Apache NetBeans.app/Contents/Resources/netbeans/java/modules/ext/spring-4/spring-messaging-4.3.29.RELEASE.jar:/Applications/Apache NetBeans.app/Contents/Resources/netbeans/java/modules/ext/spring-4/spring-orm-4.3.29.RELEASE.jar:/Applications/Apache NetBeans.app/Contents/Resources/netbeans/java/modules/ext/spring-4/spring-oxm-4.3.29.RELEASE.jar:/Applications/Apache NetBeans.app/Contents/Resources/netbeans/java/modules/ext/spring-4/spring-test-4.3.29.RELEASE.jar:/Applications/Apache NetBeans.app/Contents/Resources/netbeans/java/modules/ext/spring-4/spring-tx-4.3.29.RELEASE.jar:/Applications/Apache NetBeans.app/Contents/Resources/netbeans/java/modules/ext/spring-4/spring-web-4.3.29.RELEASE.jar:/Applications/Apache NetBeans.app/Contents/Resources/netbeans/java/modules/ext/spring-4/spring-webmvc-4.3.29.RELEASE.jar:/Applications/Apache NetBeans.app/Contents/Resources/netbeans/java/modules/ext/spring-4/spring-webmvc-portlet-4.3.29.RELEASE.jar:/Applications/Apache NetBeans.app/Contents/Resources/netbeans/java/modules/ext/spring-4/spring-websocket-4.3.29.RELEASE.jar" />
    <property name="test.binaryincludes" value="&lt;nothing&gt;" />
    <property name="do.jlink" value="false" />
    <property name="debug-transport" value="dt_socket" />
    <property name="libs.javaee-web-api-8.0.src" value="" />
    <property name="java.vendor.url" value="https://openjdk.java.net/" />
    <property name="debug.modulepath" value="" />
    <property name="libs.eclipselink.javadoc" value="/Applications/Apache NetBeans.app/Contents/Resources/netbeans/java/modules/ext/docs/jakarta.persistence-2.2.3-doc.zip" />
    <property name="libs.jsp-compilation.src" value="" />
    <property name="libs.JWSAntTasks.javadoc" value="" />
    <property name="sun.boot.library.path" value="/Library/Java/JavaVirtualMachines/jdk-11.jdk/Contents/Home/lib" />
    <property name="sun.java.command" value="org.apache.tools.ant.taskdefs.optional.junit.JUnitTestRunner GUI.AddStudentGradesTest skipNonTests=false filtertrace=true haltOnError=false haltOnFailure=false showoutput=true outputtoformatters=true logfailedtests=true threadid=0 logtestlistenerevents=true formatter=org.apache.tools.ant.taskdefs.optional.junit.BriefJUnitResultFormatter formatter=org.apache.tools.ant.taskdefs.optional.junit.XMLJUnitResultFormatter,/Users/zoyamahmood/Downloads/SMS_GUI/build/test/results/TEST-GUI.AddStudentGradesTest.xml crashfile=/Users/zoyamahmood/Downloads/SMS_GUI/build/junitvmwatcher10151744006872832436.properties propsfile=/Users/zoyamahmood/Downloads/SMS_GUI/build/junit1067744743525814971.properties" />
    <property name="jdk.debug" value="release" />
    <property name="libs.spring-framework300.src" value="" />
    <property name="javadoc.use" value="true" />
    <property name="javadoc.notree" value="false" />
    <property name="file.reference.derby.jar" value="/Users/zoyamahmood/Downloads/db-derby-10.14.2.0-lib 2/lib/derby.jar" />
    <property name="basedir" value="/Users/zoyamahmood/Downloads/SMS_GUI" />
    <property name="application.vendor" value="navreetkaur" />
    <property name="java.vm.specification.vendor" value="Oracle Corporation" />
    <property name="java.specification.name" value="Java Platform API Specification" />
    <property name="libs.jsf20.classpath" value="/Applications/Apache NetBeans.app/Contents/Resources/netbeans/enterprise/modules/ext/jsf-2_2/javax.faces.jar" />
    <property name="netbeans.extbrowser.manual_chrome_plugin_install" value="yes" />
    <property name="libs.jakartaee-api-10.0.maven-pom" value="" />
    <property name="netbeans.default_userdir_root" value="/Users/zoyamahmood/Library/Application Support/NetBeans" />
    <property name="libs.spring-framework500.javadoc" value="" />
    <property name="libs.jsp-compilation-syscp.src" value="" />
    <property name="jdk.home" value="/Library/Java/JavaVirtualMachines/jdk-11.jdk/Contents/Home" />
    <property name="java.runtime.version" value="11.0.21+9-LTS-193" />
    <property name="libs.eclipselink.maven-pom" value="" />
    <property name="libs.metro.maven-pom" value="" />
    <property name="libs.JAXB-ENDORSED.javadoc" value="" />
    <property name="org.openide.awt.SwingBrowserImpl.do-not-block-awt" value="false" />
    <property name="sun.java2d.noddraw" value="true" />
    <property name="libs.primefaces.javadoc" value="" />
    <property name="libs.jsf12.src" value="" />
    <property name="libs.jsp-compilation.javadoc" value="" />
    <property name="libs.groovy-all.maven-pom" value="" />
    <property name="java.vendor.version" value="18.9" />
    <property name="libs.restapi.src" value="" />
    <property name="libs.junit_5.javadoc" value="/Applications/Apache NetBeans.app/Contents/Resources/netbeans/platform/docs/junit-jupiter-api-5.6.0-javadoc.jar:/Applications/Apache NetBeans.app/Contents/Resources/netbeans/platform/docs/junit-jupiter-params-5.6.0-javadoc.jar:/Applications/Apache NetBeans.app/Contents/Resources/netbeans/platform/docs/junit-jupiter-engine-5.6.0-javadoc.jar" />
    <property name="dist.archive.excludes" value="" />
    <property name="java.io.tmpdir" value="/var/folders/fh/s4px8dld63j_rf7sbjvcctkc0000gn/T/" />
    <property name="java.version" value="11.0.21" />
    <property name="java.vm.specification.name" value="Java Virtual Machine Specification" />
    <property name="libs.jakartaee-api-8.0.javadoc" value="/Applications/Apache NetBeans.app/Contents/Resources/netbeans/enterprise/docs/jakartaee8-doc-api.jar" />
    <property name="libs.hamcrest.src" value="" />
    <property name="java.library.path" value="/Users/zoyamahmood/Library/Java/Extensions:/Library/Java/Extensions:/Network/Library/Java/Extensions:/System/Library/Java/Extensions:/usr/lib/java:." />
    <property name="java.vendor" value="Oracle Corporation" />
    <property name="libs.groovy-all.src" value="" />
    <property name="java.specification.maintenance.version" value="2" />
    <property name="libs.testng.javadoc" value="/Applications/Apache NetBeans.app/Contents/Resources/netbeans/platform/docs/testng-6.13.1-javadoc.jar" />
    <property name="meta.inf.dir" value="src/META-INF" />
    <property name="run.upgrademodulepath" value="" />
    <property name="compile.on.save" value="false" />
    <property name="jlink.additionalparam" value="" />
    <property name="libs.testng.maven-pom" value="" />
    <property name="org.openide.version" value="deprecated" />
    <property name="test.includes" value="GUI/AddStudentGradesTest.java" />
    <property name="libs.JAVADB_DRIVER_LABEL.src" value="" />
    <property name="run.classpath" value="/Users/zoyamahmood/Downloads/db-derby-10.14.2.0-lib 2/lib/derby.jar:/Users/zoyamahmood/Downloads/db-derby-10.14.2.0-lib 2/lib/derbyclient.jar:/Applications/Apache NetBeans.app/Contents/Resources/netbeans/platform/modules/ext/junit-jupiter-api-5.6.0.jar:/Applications/Apache NetBeans.app/Contents/Resources/netbeans/platform/modules/ext/junit-jupiter-params-5.6.0.jar:/Applications/Apache NetBeans.app/Contents/Resources/netbeans/platform/modules/ext/junit-jupiter-engine-5.6.0.jar:/Applications/Apache NetBeans.app/Contents/Resources/netbeans/platform/modules/ext/junit-4.13.2.jar:/Applications/Apache NetBeans.app/Contents/Resources/netbeans/platform/modules/ext/hamcrest-core-1.3.jar:build/classes" />
    <property name="libs.jaxb.src" value="" />
    <property name="sun.awt.enableExtraMouseButtons" value="true" />
    <property name="test.src.dir" value="test" />
    <property name="org.openide.major.version" value="IDE/1" />
    <property name="libs.spring-framework300.javadoc" value="" />
    <property name="ap.proc.none.internal" value="" />
    <property name="org.openide.specification.version" value="6.2" />
    <property name="user.timezone" value="" />
    <property name="jar.index" value="false" />
    <property name="libs.jpa20-persistence.classpath" value="/Applications/Apache NetBeans.app/Contents/Resources/netbeans/java/modules/ext/eclipselink/jakarta.persistence-2.2.3.jar" />
    <property name="java.vm.specification.version" value="11" />
    <property name="libs.eclipselinkmodelgen.javadoc" value="" />
    <property name="libs.junit_5.classpath" value="/Applications/Apache NetBeans.app/Contents/Resources/netbeans/platform/modules/ext/junit-jupiter-api-5.6.0.jar:/Applications/Apache NetBeans.app/Contents/Resources/netbeans/platform/modules/ext/junit-jupiter-params-5.6.0.jar:/Applications/Apache NetBeans.app/Contents/Resources/netbeans/platform/modules/ext/junit-jupiter-engine-5.6.0.jar" />
    <property name="javadoc.noindex" value="false" />
    <property name="javadoc.private" value="false" />
    <property name="libs.spring-webmvc4.0.maven-pom" value="" />
    <property name="libs.JAXB-ENDORSED.maven-pom" value="" />
    <property name="user.home" value="/Users/zoyamahmood" />
    <property name="libs.eclipselinkmodelgen.maven-pom" value="" />
    <property name="have.sources" value="true" />
    <property name="annotation.processing.processors.list" value="" />
    <property name="javac.deprecation" value="false" />
    <property name="jlink.launcher" value="true" />
    <property name="build.generated.sources.dir" value="build/generated-sources" />
    <property name="plugin.manager.check.updates" value="false" />
    <property name="netbeans.autoupdate.language" value="en" />
    <property name="libs.eclipselinkmodelgen.src" value="" />
    <property name="build.compiler.emacs" value="true" />
    <property name="build.classes.excludes" value="**/*.java,**/*.form" />
    <property name="dist.jar" value="dist/SMS.jar" />
    <property name="libs.jakartaee-web-api-9.0.classpath" value="/Applications/Apache NetBeans.app/Contents/Resources/netbeans/enterprise/modules/ext/jakarta.jakartaee-web-api-9.0.0.jar" />
    <property name="libs.spring-webmvc4.0.classpath" value="/Applications/Apache NetBeans.app/Contents/Resources/netbeans/java/modules/ext/spring-4/spring-webmvc-4.3.29.RELEASE.jar" />
    <property name="modules.supported.internal" value="true" />
    <property name="libs.javaee-endorsed-api-7.0.javadoc" value="/Applications/Apache NetBeans.app/Contents/Resources/netbeans/enterprise/docs/javaee-doc-api.jar" />
    <property name="os.version" value="13.0" />
    <property name="jna.nosys" value="false" />
    <property name="netbeans.home" value="/Applications/Apache NetBeans.app/Contents/Resources/netbeans/platform" />
    <property name="libs.CopyLibs.javadoc" value="" />
    <property name="debug-transport-by-os" value="dt_socket" />
    <property name="libs.jsf20.src" value="" />
    <property name="libs.javaee-api-8.0.javadoc" value="/Applications/Apache NetBeans.app/Contents/Resources/netbeans/enterprise/docs/javaee-doc-api.jar" />
    <property name="java.vm.name" value="Java HotSpot(TM) 64-Bit Server VM" />
    <property name="unnamed.module.internal" value="true" />
    <property name="libs.jakartaee-api-10.0.javadoc" value="/Applications/Apache NetBeans.app/Contents/Resources/netbeans/enterprise/docs/jakartaee10-doc-api.jar" />
    <property name="libs.jstl.javadoc" value="/Applications/Apache NetBeans.app/Contents/Resources/netbeans/enterprise/docs/javaee-doc-api.jar" />
    <property name="libs.javaee-endorsed-api-7.0.maven-pom" value="" />
    <property name="libs.jaxws21.classpath" value="/Applications/Apache NetBeans.app/Contents/Resources/netbeans/java/modules/ext/jaxws22/api/jakarta.jws-api.jar:/Applications/Apache NetBeans.app/Contents/Resources/netbeans/java/modules/ext/jaxws22/api/jakarta.xml.soap-api.jar:/Applications/Apache NetBeans.app/Contents/Resources/netbeans/java/modules/ext/jaxws22/api/jakarta.xml.ws-api.jar:/Applications/Apache NetBeans.app/Contents/Resources/netbeans/java/modules/ext/jaxws22/FastInfoset.jar:/Applications/Apache NetBeans.app/Contents/Resources/netbeans/java/modules/ext/jaxws22/gmbal-api-only.jar:/Applications/Apache NetBeans.app/Contents/Resources/netbeans/java/modules/ext/jaxws22/ha-api.jar:/Applications/Apache NetBeans.app/Contents/Resources/netbeans/java/modules/ext/jaxws22/jakarta.mail.jar:/Applications/Apache NetBeans.app/Contents/Resources/netbeans/java/modules/ext/jaxws22/jaxws-rt.jar:/Applications/Apache NetBeans.app/Contents/Resources/netbeans/java/modules/ext/jaxws22/jaxws-tools.jar:/Applications/Apache NetBeans.app/Contents/Resources/netbeans/java/modules/ext/jaxws22/management-api.jar:/Applications/Apache NetBeans.app/Contents/Resources/netbeans/java/modules/ext/jaxws22/mimepull.jar:/Applications/Apache NetBeans.app/Contents/Resources/netbeans/java/modules/ext/jaxws22/policy.jar:/Applications/Apache NetBeans.app/Contents/Resources/netbeans/java/modules/ext/jaxws22/saaj-impl.jar:/Applications/Apache NetBeans.app/Contents/Resources/netbeans/java/modules/ext/jaxws22/stax-ex.jar:/Applications/Apache NetBeans.app/Contents/Resources/netbeans/java/modules/ext/jaxws22/stax2-api.jar:/Applications/Apache NetBeans.app/Contents/Resources/netbeans/java/modules/ext/jaxws22/streambuffer.jar:/Applications/Apache NetBeans.app/Contents/Resources/netbeans/java/modules/ext/jaxws22/woodstox-core.jar:/Applications/Apache NetBeans.app/Contents/Resources/netbeans/ide/modules/ext/jaxb/api/jaxb-api.jar:/Applications/Apache NetBeans.app/Contents/Resources/netbeans/ide/modules/ext/jaxb/activation.jar:/Applications/Apache NetBeans.app/Contents/Resources/netbeans/ide/modules/ext/jaxb/jaxb-impl.jar:/Applications/Apache NetBeans.app/Contents/Resources/netbeans/ide/modules/ext/jaxb/jaxb-xjc.jar" />
    <property name="libs.restapi.classpath" value="/Applications/Apache NetBeans.app/Contents/Resources/netbeans/enterprise/modules/ext/jaxrs-2.1/jakarta.ws.rs-api-2.1.6.jar" />
    <property name="os.arch" value="aarch64" />
    <property name="build.generated.dir" value="build/generated" />
    <property name="libs.groovy-all.javadoc" value="" />
    <property name="libs.jakartaee-api-8.0.classpath" value="/Applications/Apache NetBeans.app/Contents/Resources/netbeans/enterprise/modules/ext/jakarta.jakartaee-api-8.0.0.jar" />
    <property name="libs.javaee-web-api-7.0.javadoc" value="/Applications/Apache NetBeans.app/Contents/Resources/netbeans/enterprise/docs/javaee-doc-api.jar" />
    <property name="libs.javaee-endorsed-api-6.0.src" value="" />
    <property name="libs.jsf12.maven-pom" value="" />
    <property name="libs.javaee-endorsed-api-7.0.classpath" value="/Applications/Apache NetBeans.app/Contents/Resources/netbeans/enterprise/modules/ext/javaee7-endorsed/javax.annotation-api.jar:/Applications/Apache NetBeans.app/Contents/Resources/netbeans/enterprise/modules/ext/javaee7-endorsed/javax.xml.soap-api.jar:/Applications/Apache NetBeans.app/Contents/Resources/netbeans/enterprise/modules/ext/javaee7-endorsed/jaxb-api-osgi.jar:/Applications/Apache NetBeans.app/Contents/Resources/netbeans/enterprise/modules/ext/javaee7-endorsed/jaxws-api.jar:/Applications/Apache NetBeans.app/Contents/Resources/netbeans/enterprise/modules/ext/javaee7-endorsed/jsr181-api.jar" />
    <property name="libs.primefaces.maven-pom" value="" />
    <property name="org.netbeans.io.suspend" value="0" />
    <property name="awt.toolkit" value="sun.lwawt.macosx.LWCToolkit" />
    <property name="ant.project.name" value="SMS" />
    <property name="dist.javadoc.dir" value="dist/javadoc" />
    <property name="default.javac.target" value="11" />
    <property name="javac.fork" value="true" />
    <property name="libs.eclipselink.classpath" value="/Applications/Apache NetBeans.app/Contents/Resources/netbeans/java/modules/ext/eclipselink/org.eclipse.persistence.core-2.7.12.jar:/Applications/Apache NetBeans.app/Contents/Resources/netbeans/java/modules/ext/eclipselink/org.eclipse.persistence.asm-9.4.0.jar:/Applications/Apache NetBeans.app/Contents/Resources/netbeans/java/modules/ext/eclipselink/org.eclipse.persistence.antlr-2.7.12.jar:/Applications/Apache NetBeans.app/Contents/Resources/netbeans/java/modules/ext/eclipselink/org.eclipse.persistence.jpa-2.7.12.jar:/Applications/Apache NetBeans.app/Contents/Resources/netbeans/java/modules/ext/eclipselink/org.eclipse.persistence.jpa.jpql-2.7.12.jar:/Applications/Apache NetBeans.app/Contents/Resources/netbeans/java/modules/ext/eclipselink/org.eclipse.persistence.moxy-2.7.12.jar:/Applications/Apache NetBeans.app/Contents/Resources/netbeans/java/modules/ext/eclipselink/jakarta.persistence-2.2.3.jar" />
    <property name="libs.struts.classpath" value="/Applications/Apache NetBeans.app/Contents/Resources/netbeans/enterprise/modules/ext/struts/antlr-2.7.2.jar:/Applications/Apache NetBeans.app/Contents/Resources/netbeans/enterprise/modules/ext/struts/bsf-2.3.0.jar:/Applications/Apache NetBeans.app/Contents/Resources/netbeans/enterprise/modules/ext/struts/commons-beanutils-1.8.0.jar:/Applications/Apache NetBeans.app/Contents/Resources/netbeans/enterprise/modules/ext/struts/commons-chain-1.2.jar:/Applications/Apache NetBeans.app/Contents/Resources/netbeans/enterprise/modules/ext/struts/commons-digester-1.8.jar:/Applications/Apache NetBeans.app/Contents/Resources/netbeans/enterprise/modules/ext/struts/commons-fileupload-1.1.1.jar:/Applications/Apache NetBeans.app/Contents/Resources/netbeans/enterprise/modules/ext/struts/commons-io-1.1.jar:/Applications/Apache NetBeans.app/Contents/Resources/netbeans/enterprise/modules/ext/struts/commons-logging-1.0.4.jar:/Applications/Apache NetBeans.app/Contents/Resources/netbeans/enterprise/modules/ext/struts/commons-validator-1.3.1.jar:/Applications/Apache NetBeans.app/Contents/Resources/netbeans/enterprise/modules/ext/struts/jstl-1.0.2.jar:/Applications/Apache NetBeans.app/Contents/Resources/netbeans/enterprise/modules/ext/struts/oro-2.0.8.jar:/Applications/Apache NetBeans.app/Contents/Resources/netbeans/enterprise/modules/ext/struts/standard-1.0.6.jar:/Applications/Apache NetBeans.app/Contents/Resources/netbeans/enterprise/modules/ext/struts/struts-core-1.3.10.jar:/Applications/Apache NetBeans.app/Contents/Resources/netbeans/enterprise/modules/ext/struts/struts-el-1.3.10.jar:/Applications/Apache NetBeans.app/Contents/Resources/netbeans/enterprise/modules/ext/struts/struts-extras-1.3.10.jar:/Applications/Apache NetBeans.app/Contents/Resources/netbeans/enterprise/modules/ext/struts/struts-faces-1.3.10.jar:/Applications/Apache NetBeans.app/Contents/Resources/netbeans/enterprise/modules/ext/struts/struts-mailreader-dao-1.3.10.jar:/Applications/Apache NetBeans.app/Contents/Resources/netbeans/enterprise/modules/ext/struts/struts-scripting-1.3.10.jar:/Applications/Apache NetBeans.app/Contents/Resources/netbeans/enterprise/modules/ext/struts/struts-taglib-1.3.10.jar:/Applications/Apache NetBeans.app/Contents/Resources/netbeans/enterprise/modules/ext/struts/struts-tiles-1.3.10.jar" />
    <property name="libs.PostgreSQLDriver.maven-pom" value="" />
    <property name="libs.absolutelayout.src" value="" />
    <property name="testng.mode" value="testng" />
    <property name="annotation.processing.enabled.in.editor" value="false" />
    <property name="ant.file.SMS-impl" value="/Users/zoyamahmood/Downloads/SMS_GUI/nbproject/build-impl.xml" />
    <property name="java.vm.compressedOopsMode" value="Zero based" />
    <property name="netbeans.productversion" value="Apache NetBeans IDE 20" />
    <property name="mkdist.disabled" value="false" />
    <property name="libs.javaee-web-api-6.0.javadoc" value="/Applications/Apache NetBeans.app/Contents/Resources/netbeans/enterprise/docs/javaee-doc-api.jar" />
    <property name="libs.groovy-all.classpath" value="/Applications/Apache NetBeans.app/Contents/Resources/netbeans/groovy/modules/ext/groovy-3.0.8.jar:/Applications/Apache NetBeans.app/Contents/Resources/netbeans/groovy/modules/ext/groovy-ant-3.0.8.jar" />
    <property name="libs.javaee-api-7.0.maven-pom" value="" />
    <property name="libs.absolutelayout.javadoc" value="" />
    <property name="module.build.classes.dir" value="build/classes" />
    <property name="annotation.processing.processor.options" value="" />
    <property name="libs.jaxb.maven-pom" value="" />
    <property name="libs.javaee-api-6.0.maven-pom" value="" />
    <property name="dist.dir" value="dist" />
    <property name="build.dir" value="build" />
    <property name="libs.graaljs.maven-pom" value="" />
    <property name="netbeans.autoupdate.variant" value="" />
    <property name="javadoc.version" value="false" />
    <property name="libs.metro.classpath" value="/Applications/Apache NetBeans.app/Contents/Resources/netbeans/ide/modules/ext/jaxb/activation.jar:/Applications/Apache NetBeans.app/Contents/Resources/netbeans/enterprise/modules/ext/metro/webservices-api.jar:/Applications/Apache NetBeans.app/Contents/Resources/netbeans/enterprise/modules/ext/metro/webservices-extra-api.jar:/Applications/Apache NetBeans.app/Contents/Resources/netbeans/enterprise/modules/ext/metro/webservices-extra.jar:/Applications/Apache NetBeans.app/Contents/Resources/netbeans/enterprise/modules/ext/metro/webservices-rt.jar:/Applications/Apache NetBeans.app/Contents/Resources/netbeans/enterprise/modules/ext/metro/webservices-tools.jar" />
    <property name="libs.metro.src" value="" />
    <property name="libs.CopyLibs.classpath" value="/Applications/Apache NetBeans.app/Contents/Resources/netbeans/java/ant/extra/org-netbeans-modules-java-j2seproject-copylibstask.jar" />
    <property name="sun.os.patch.level" value="unknown" />
    <property name="javadoc.html5" value="false" />
    <property name="javac.test.processorpath" value="/Users/zoyamahmood/Downloads/db-derby-10.14.2.0-lib 2/lib/derby.jar:/Users/zoyamahmood/Downloads/db-derby-10.14.2.0-lib 2/lib/derbyclient.jar:/Applications/Apache NetBeans.app/Contents/Resources/netbeans/platform/modules/ext/junit-jupiter-api-5.6.0.jar:/Applications/Apache NetBeans.app/Contents/Resources/netbeans/platform/modules/ext/junit-jupiter-params-5.6.0.jar:/Applications/Apache NetBeans.app/Contents/Resources/netbeans/platform/modules/ext/junit-jupiter-engine-5.6.0.jar:/Applications/Apache NetBeans.app/Contents/Resources/netbeans/platform/modules/ext/junit-4.13.2.jar:/Applications/Apache NetBeans.app/Contents/Resources/netbeans/platform/modules/ext/hamcrest-core-1.3.jar:build/classes" />
    <property name="libs.javaee-web-api-7.0.maven-pom" value="" />
    <property name="libs.javaee-web-api-8.0.maven-pom" value="" />
    <property name="netbeans.dirs" value="/Applications/Apache NetBeans.app/Contents/Resources/netbeans/nb:/Applications/Apache NetBeans.app/Contents/Resources/netbeans/ergonomics:/Applications/Apache NetBeans.app/Contents/Resources/netbeans/ide:/Applications/Apache NetBeans.app/Contents/Resources/netbeans/extide:/Applications/Apache NetBeans.app/Contents/Resources/netbeans/java:/Applications/Apache NetBeans.app/Contents/Resources/netbeans/apisupport:/Applications/Apache NetBeans.app/Contents/Resources/netbeans/webcommon:/Applications/Apache NetBeans.app/Contents/Resources/netbeans/websvccommon:/Applications/Apache NetBeans.app/Contents/Resources/netbeans/enterprise:/Applications/Apache NetBeans.app/Contents/Resources/netbeans/mobility:/Applications/Apache NetBeans.app/Contents/Resources/netbeans/profiler:/Applications/Apache NetBeans.app/Contents/Resources/netbeans/python:/Applications/Apache NetBeans.app/Contents/Resources/netbeans/php:/Applications/Apache NetBeans.app/Contents/Resources/netbeans/identity:/Applications/Apache NetBeans.app/Contents/Resources/netbeans/harness:/Applications/Apache NetBeans.app/Contents/Resources/netbeans/cnd:/Applications/Apache NetBeans.app/Contents/Resources/netbeans/cndext:/Applications/Apache NetBeans.app/Contents/Resources/netbeans/cpplite:/Applications/Apache NetBeans.app/Contents/Resources/netbeans/dlight:/Applications/Apache NetBeans.app/Contents/Resources/netbeans/groovy:/Applications/Apache NetBeans.app/Contents/Resources/netbeans/extra:/Applications/Apache NetBeans.app/Contents/Resources/netbeans/javacard:/Applications/Apache NetBeans.app/Contents/Resources/netbeans/javafx:/Applications/Apache NetBeans.app/Contents/Resources/netbeans/rust:" />
    <property name="socksNonProxyHosts" value="local|*.local|169.254/16|*.169.254/16" />
    <property name="libs.JAVADB_DRIVER_LABEL.javadoc" value="" />
    <property name="gopherProxySet" value="false" />
    <property name="libs.hamcrest.maven-pom" value="" />
    <property name="javac.processorpath" value="/Users/zoyamahmood/Downloads/db-derby-10.14.2.0-lib 2/lib/derby.jar:/Users/zoyamahmood/Downloads/db-derby-10.14.2.0-lib 2/lib/derbyclient.jar:/Applications/Apache NetBeans.app/Contents/Resources/netbeans/platform/modules/ext/junit-jupiter-api-5.6.0.jar:/Applications/Apache NetBeans.app/Contents/Resources/netbeans/platform/modules/ext/junit-jupiter-params-5.6.0.jar:/Applications/Apache NetBeans.app/Contents/Resources/netbeans/platform/modules/ext/junit-jupiter-engine-5.6.0.jar:/Applications/Apache NetBeans.app/Contents/Resources/netbeans/platform/modules/ext/junit-4.13.2.jar:/Applications/Apache NetBeans.app/Contents/Resources/netbeans/platform/modules/ext/hamcrest-core-1.3.jar" />
    <property name="libs.javaee-api-6.0.javadoc" value="/Applications/Apache NetBeans.app/Contents/Resources/netbeans/enterprise/docs/javaee-doc-api.jar" />
    <property name="libs.JWSAntTasks.maven-pom" value="" />
    <property name="run.modulepath" value="" />
    <property name="javac.upgrademodulepath" value="" />
    <property name="do.archive+manifest.available" value="true" />
    <property name="apple.laf.useScreenMenuBar" value="true" />
    <property name="user.country" value="NZ" />
    <property name="sun.java.launcher" value="SUN_STANDARD" />
    <property name="libs.jakartaee-api-9.0.maven-pom" value="" />
    <property name="libs.restapi.javadoc" value="" />
    <property name="libs.jpa20-persistence.src" value="" />
    <property name="endorsed.classpath" value="" />
    <property name="javac.test.sourcepath" value="/Users/zoyamahmood/Downloads/SMS_GUI/build/empty" />
    <property name="libs.spring-webmvc3.0.maven-pom" value="" />
    <property name="includes" value="**" />
    <property name="libs.jsf12.javadoc" value="/Applications/Apache NetBeans.app/Contents/Resources/netbeans/enterprise/docs/javaee-doc-api.jar" />
    <property name="libs.hamcrest.classpath" value="/Applications/Apache NetBeans.app/Contents/Resources/netbeans/platform/modules/ext/hamcrest-core-1.3.jar" />
    <property name="javadoc.splitindex" value="true" />
    <property name="libs.JWSAntTasks.classpath" value="/Applications/Apache NetBeans.app/Contents/Resources/netbeans/java/ant/extra/org-netbeans-modules-javawebstart-anttasks.jar" />
    <property name="junit.available" value="true" />
    <property name="javac.processormodulepath" value="" />
    <property name="javadoc.encoding" value="UTF-8" />
    <property name="netbeans.hash.code" value="unique=08641d508-94ec-4e48-b109-dcda328d58c1_e275e231-6fa6-4f2a-9678-16a8945a4560" />
    <property name="libs.jsp-compilation-syscp.maven-pom" value="" />
    <property name="libs.jstl.src" value="" />
    <property name="jlink.strip" value="false" />
    <property name="libs.spring-webmvc3.0.classpath" value="/Applications/Apache NetBeans.app/Contents/Resources/netbeans/java/modules/ext/spring-3.0/spring-webmvc-3.2.18.RELEASE.jar" />
    <property name="java.runtime.name" value="Java(TM) SE Runtime Environment" />
    <property name="libs.jaxb.javadoc" value="/Applications/Apache NetBeans.app/Contents/Resources/netbeans/ide/docs/jaxb-api-doc.jar" />
    <property name="manifest.available" value="true" />
    <property name="libs.spring-framework500.maven-pom" value="" />
    <property name="run.jvmargs.ide" value="" />
    <property name="ant.core.lib" value="/Applications/Apache NetBeans.app/Contents/Resources/netbeans/extide/ant/lib/ant.jar" />
    <property name="libs.jsp-compilation.maven-pom" value="" />
    <property name="javac.profile.cmd.line.arg" value="" />
    <property name="libs.jakartaee-api-9.0.classpath" value="/Applications/Apache NetBeans.app/Contents/Resources/netbeans/enterprise/modules/ext/jakarta.jakartaee-api-9.0.0.jar" />
    <property name="do.archive+main.class.available" value="true" />
    <property name="application.title" value="SMS" />
    <property name="libs.jakartaee-api-10.0.src" value="" />
    <property name="javac.test.modulepath" value="" />
    <property name="libs.PostgreSQLDriver.javadoc" value="" />
    <property name="libs.jsp-compilation-syscp.classpath" value="/Applications/Apache NetBeans.app/Contents/Resources/netbeans/extide/ant/lib/ant.jar:/Applications/Apache NetBeans.app/Contents/Resources/netbeans/enterprise/modules/ext/servlet4.0-jsp2.3-api.jar:/Applications/Apache NetBeans.app/Contents/Resources/netbeans/enterprise/modules/ext/glassfish-jspparser-5.1.0.jar:/Applications/Apache NetBeans.app/Contents/Resources/netbeans/enterprise/modules/ext/jstl-impl.jar:/Applications/Apache NetBeans.app/Contents/Resources/netbeans/enterprise/modules/ext/jsf-2_2/javax.faces.jar" />
    <property name="libs.jsp-compilation.classpath" value="/Applications/Apache NetBeans.app/Contents/Resources/netbeans/extide/ant/lib/ant.jar:/Applications/Apache NetBeans.app/Contents/Resources/netbeans/enterprise/modules/ext/servlet4.0-jsp2.3-api.jar:/Applications/Apache NetBeans.app/Contents/Resources/netbeans/enterprise/modules/ext/glassfish-jspparser-5.1.0.jar:/Applications/Apache NetBeans.app/Contents/Resources/netbeans/enterprise/modules/ext/jsf-2_2/javax.faces.jar:/Applications/Apache NetBeans.app/Contents/Resources/netbeans/enterprise/modules/ext/jstl-api.jar:/Applications/Apache NetBeans.app/Contents/Resources/netbeans/extide/ant/lib/ant-launcher.jar" />
    <property name="libs.javaee-api-6.0.classpath" value="/Applications/Apache NetBeans.app/Contents/Resources/netbeans/enterprise/modules/ext/javaee-api-6.0.jar" />
    <property name="javac.includesfile.binary" value="/Users/zoyamahmood/Downloads/SMS_GUI/null1466616247" />
    <property name="libs.javaee-api-7.0.classpath" value="/Applications/Apache NetBeans.app/Contents/Resources/netbeans/enterprise/modules/ext/javaee-api-7.0.jar" />
    <property name="sun.cpu.isalist" value="" />
    <property name="libs.restapi.maven-pom" value="" />
    <property name="javadoc.preview" value="true" />
    <property name="do.depend" value="false" />
    <property name="libs.jakartaee-web-api-10.0.src" value="" />
    <property name="sun.arch.data.model" value="64" />
    <property name="libs.jakartaee-web-api-9.0.maven-pom" value="" />
    <property name="sun.font.fontmanager" value="sun.font.CFontManager" />
    <property name="libs.javaee-endorsed-api-7.0.src" value="" />
    <property name="annotation.processing.enabled" value="true" />
    <property name="libs.junit_5.src" value="/Applications/Apache NetBeans.app/Contents/Resources/netbeans/platform/docs/junit-jupiter-api-5.6.0-sources.jar:/Applications/Apache NetBeans.app/Contents/Resources/netbeans/platform/docs/junit-jupiter-params-5.6.0-sources.jar:/Applications/Apache NetBeans.app/Contents/Resources/netbeans/platform/docs/junit-jupiter-engine-5.6.0-sources.jar" />
    <property name="libs.jaxb.classpath" value="/Applications/Apache NetBeans.app/Contents/Resources/netbeans/ide/modules/ext/jaxb/jaxb-impl.jar:/Applications/Apache NetBeans.app/Contents/Resources/netbeans/ide/modules/ext/jaxb/jaxb-xjc.jar:/Applications/Apache NetBeans.app/Contents/Resources/netbeans/ide/modules/ext/jaxb/activation.jar:/Applications/Apache NetBeans.app/Contents/Resources/netbeans/ide/modules/ext/jaxb/api/jaxb-api.jar" />
    <property name="libs.javaee-api-8.0.classpath" value="/Applications/Apache NetBeans.app/Contents/Resources/netbeans/enterprise/modules/ext/javaee-api-8.0.jar" />
    <property name="libs.CopyLibs.src" value="" />
    <property name="javac.source" value="11" />
    <property name="java.specification.vendor" value="Oracle Corporation" />
    <property name="java.version.date" value="2023-10-17" />
    <property name="java.home" value="/Library/Java/JavaVirtualMachines/jdk-11.jdk/Contents/Home" />
    <property name="work.dir" value="/Users/zoyamahmood/Downloads/SMS_GUI" />
    <property name="jna.boot.library.name" value="jnidispatch-nb" />
    <property name="javac.test.compilerargs" value="" />
    <property name="libs.PostgreSQLDriver.classpath" value="/Applications/Apache NetBeans.app/Contents/Resources/netbeans/ide/modules/ext/postgresql-42.5.4.jar" />
    <property name="libs.graaljs.javadoc" value="" />
    <property name="libs.spring-webmvc3.0.javadoc" value="" />
    <property name="libs.JAXB-ENDORSED.src" value="" />
    <property name="manifest.encoding" value="UTF-8" />
    <property name="libs.spring-framework400.src" value="" />
    <property name="sun.management.compiler" value="HotSpot 64-Bit Tiered Compilers" />
    <property name="run.test.modulepath" value="" />
    <property name="libs.graaljs.classpath" value="/Applications/Apache NetBeans.app/Contents/Resources/netbeans/webcommon/modules/ext/js-20.3.0.jar:/Applications/Apache NetBeans.app/Contents/Resources/netbeans/webcommon/modules/ext/js-launcher-20.3.0.jar:/Applications/Apache NetBeans.app/Contents/Resources/netbeans/webcommon/modules/ext/regex-20.3.0.jar:/Applications/Apache NetBeans.app/Contents/Resources/netbeans/webcommon/modules/ext/icu4j-67.1.jar:/Applications/Apache NetBeans.app/Contents/Resources/netbeans/ide/modules/ext/graal-sdk-20.3.0.jar:/Applications/Apache NetBeans.app/Contents/Resources/netbeans/ide/modules/ext/launcher-common-20.3.0.jar:/Applications/Apache NetBeans.app/Contents/Resources/netbeans/ide/modules/ext/truffle-api-20.3.0.jar" />
    <property name="libs.javaee-web-api-6.0.classpath" value="/Applications/Apache NetBeans.app/Contents/Resources/netbeans/enterprise/modules/ext/javaee-web-api-6.0.jar" />
    <property name="libs.jsp-compiler.javadoc" value="" />
    <property name="debug.test.modulepath" value="" />
    <property name="libs.javaee-web-api-7.0.classpath" value="/Applications/Apache NetBeans.app/Contents/Resources/netbeans/enterprise/modules/ext/javaee-web-api-7.0.jar" />
    <property name="file.encoding" value="UTF-8" />
    <property name="java.util.logging.config.class" value="org.netbeans.core.startup.TopLogging" />
    <property name="https.nonProxyHosts" value="localhost|127.0.0.1|Zoyas-MacBook-Air.local" />
    <property name="libs.restlib.javadoc" value="" />
    <property name="libs.absolutelayout.classpath" value="/Applications/Apache NetBeans.app/Contents/Resources/netbeans/java/modules/ext/AbsoluteLayout.jar" />
    <property name="do.archive" value="true" />
    <property name="libs.struts.maven-pom" value="" />
    <property name="java.awt.printerjob" value="sun.lwawt.macosx.CPrinterJob" />
    <property name="built-jar.properties" value="/Users/zoyamahmood/Downloads/SMS_GUI/build/built-jar.properties" />
    <property name="nb.native.filechooser" value="false" />
    <property name="libs.testng.src" value="" />
    <property name="libs.javaee-web-api-8.0.classpath" value="/Applications/Apache NetBeans.app/Contents/Resources/netbeans/enterprise/modules/ext/javaee-web-api-8.0.jar" />
    <property name="platform.active" value="default_platform" />
    <property name="manifest.file" value="manifest.mf" />
    <property name="sun.io.unicode.encoding" value="UnicodeBig" />
    <property name="libs.struts.javadoc" value="/Applications/Apache NetBeans.app/Contents/Resources/netbeans/enterprise/docs/struts-1.3.10-javadoc.zip" />
    <property name="default.javac.source" value="11" />
    <property name="netbeans.dynamic.classpath" value="/Applications/Apache NetBeans.app/Contents/Resources/netbeans/platform/core/asm-commons-9.5.jar:/Applications/Apache NetBeans.app/Contents/Resources/netbeans/platform/core/asm-9.5.jar:/Applications/Apache NetBeans.app/Contents/Resources/netbeans/platform/core/org-netbeans-libs-asm.jar:/Applications/Apache NetBeans.app/Contents/Resources/netbeans/platform/core/org-openide-filesystems-compat8.jar:/Applications/Apache NetBeans.app/Contents/Resources/netbeans/platform/core/org-openide-filesystems.jar:/Applications/Apache NetBeans.app/Contents/Resources/netbeans/platform/core/asm-tree-9.5.jar:/Applications/Apache NetBeans.app/Contents/Resources/netbeans/platform/core/core.jar:/Applications/Apache NetBeans.app/Contents/Resources/netbeans/platform/core/core-base.jar:/Applications/Apache NetBeans.app/Contents/Resources/netbeans/nb/core/org-netbeans-upgrader.jar:/Applications/Apache NetBeans.app/Contents/Resources/netbeans/nb/core/locale/core_nb.jar" />
    <property name="libs.javaee-web-api-8.0.javadoc" value="/Applications/Apache NetBeans.app/Contents/Resources/netbeans/enterprise/docs/javaee-doc-api.jar" />
    <property name="flatlaf.nativeLibraryPath" value="system" />
    <property name="libs.eclipselinkmodelgen.classpath" value="/Applications/Apache NetBeans.app/Contents/Resources/netbeans/java/modules/ext/eclipselink/org.eclipse.persistence.jpa.modelgen.processor-2.7.12.jar" />
    <property name="file.reference.derbyclient.jar" value="/Users/zoyamahmood/Downloads/db-derby-10.14.2.0-lib 2/lib/derbyclient.jar" />
    <property name="javac.systemmodulepath.cmd.line.arg" value="" />
    <property name="ant.file.type.SMS-impl" value="file" />
    <property name="netbeans.buildnumber" value="20-91f9ed846ac143b52d50b5ea323a42c2f7e78392" />
    <property name="endorsed.classpath.cmd.line.arg" value="" />
    <property name="libs.jpa20-persistence.maven-pom" value="" />
    <property name="build.sysclasspath" value="ignore" />
    <property name="os.name" value="Mac OS X" />
    <property name="libs.CopyLibs.maven-pom" value="" />
    <property name="libs.jakartaee-api-8.0.maven-pom" value="" />
    <property name="jdkBug6558476" value="false" />
    <property name="javadoc.author" value="false" />
    <property name="http.nonProxyHosts" value="local|*.local|169.254/16|*.169.254/16" />
    <property name="main.class" value="GUI.AddStudentDetails" />
    <property name="libs.jsp-compilation-syscp.javadoc" value="" />
    <property name="source.encoding" value="UTF-8" />
    <property name="jar.compress" value="false" />
    <property name="libs.javaee-api-7.0.javadoc" value="/Applications/Apache NetBeans.app/Contents/Resources/netbeans/enterprise/docs/javaee-doc-api.jar" />
    <property name="flatlaf.updateUIOnSystemFontChange" value="false" />
    <property name="libs.spring-webmvc5.0.src" value="" />
    <property name="libs.jsf20.maven-pom" value="" />
    <property name="java.awt.graphicsenv" value="sun.awt.CGraphicsEnvironment" />
    <property name="libs.restlib.classpath" value="/Applications/Apache NetBeans.app/Contents/Resources/netbeans/enterprise/modules/ext/jersey2/jakarta.annotation-api-2.1.1.jar:/Applications/Apache NetBeans.app/Contents/Resources/netbeans/enterprise/modules/ext/jersey2/jakarta.persistence-api-2.2.3.jar:/Applications/Apache NetBeans.app/Contents/Resources/netbeans/enterprise/modules/ext/jersey2/jakarta.servlet-api-4.0.4.jar:/Applications/Apache NetBeans.app/Contents/Resources/netbeans/enterprise/modules/ext/jersey2/jakarta.validation-api-2.0.2.jar:/Applications/Apache NetBeans.app/Contents/Resources/netbeans/enterprise/modules/ext/jersey2/jakarta.xml.bind-api-2.3.3.jar:/Applications/Apache NetBeans.app/Contents/Resources/netbeans/enterprise/modules/ext/jersey2/jersey-client-2.35.jar:/Applications/Apache NetBeans.app/Contents/Resources/netbeans/enterprise/modules/ext/jersey2/jersey-common-2.35.jar:/Applications/Apache NetBeans.app/Contents/Resources/netbeans/enterprise/modules/ext/jersey2/jersey-server-2.35.jar:/Applications/Apache NetBeans.app/Contents/Resources/netbeans/enterprise/modules/ext/jersey2/jersey-entity-filtering-2.35.jar:/Applications/Apache NetBeans.app/Contents/Resources/netbeans/enterprise/modules/ext/jersey2/jersey-hk2-2.35.jar:/Applications/Apache NetBeans.app/Contents/Resources/netbeans/enterprise/modules/ext/jersey2/jersey-media-moxy-2.35.jar:/Applications/Apache NetBeans.app/Contents/Resources/netbeans/enterprise/modules/ext/jersey2/jersey-container-servlet-2.35.jar:/Applications/Apache NetBeans.app/Contents/Resources/netbeans/enterprise/modules/ext/jersey2/jersey-container-servlet-core-2.35.jar:/Applications/Apache NetBeans.app/Contents/Resources/netbeans/enterprise/modules/ext/jersey2/hk2-api-2.6.1.jar:/Applications/Apache NetBeans.app/Contents/Resources/netbeans/enterprise/modules/ext/jersey2/hk2-locator-2.6.1.jar:/Applications/Apache NetBeans.app/Contents/Resources/netbeans/enterprise/modules/ext/jersey2/hk2-utils-2.6.1.jar:/Applications/Apache NetBeans.app/Contents/Resources/netbeans/enterprise/modules/ext/jersey2/jakarta.inject-2.6.1.jar:/Applications/Apache NetBeans.app/Contents/Resources/netbeans/enterprise/modules/ext/jersey2/aopalliance-repackaged-2.6.1.jar:/Applications/Apache NetBeans.app/Contents/Resources/netbeans/enterprise/modules/ext/jersey2/osgi.core-8.0.0.jar:/Applications/Apache NetBeans.app/Contents/Resources/netbeans/enterprise/modules/ext/jersey2/osgi-resource-locator-1.0.3.jar:/Applications/Apache NetBeans.app/Contents/Resources/netbeans/java/modules/ext/eclipselink/org.eclipse.persistence.core-2.7.12.jar:/Applications/Apache NetBeans.app/Contents/Resources/netbeans/java/modules/ext/eclipselink/org.eclipse.persistence.asm-9.4.0.jar:/Applications/Apache NetBeans.app/Contents/Resources/netbeans/java/modules/ext/eclipselink/org.eclipse.persistence.antlr-2.7.12.jar:/Applications/Apache NetBeans.app/Contents/Resources/netbeans/java/modules/ext/eclipselink/org.eclipse.persistence.jpa-2.7.12.jar:/Applications/Apache NetBeans.app/Contents/Resources/netbeans/java/modules/ext/eclipselink/org.eclipse.persistence.jpa.jpql-2.7.12.jar:/Applications/Apache NetBeans.app/Contents/Resources/netbeans/java/modules/ext/eclipselink/org.eclipse.persistence.moxy-2.7.12.jar" />
    <property name="libs.jakartaee-web-api-8.0.javadoc" value="/Applications/Apache NetBeans.app/Contents/Resources/netbeans/enterprise/docs/jakartaee8-doc-api.jar" />
    <property name="libs.graaljs.src" value="" />
    <property name="run.jvmargs" value="" />
    <property name="libs.primefaces.src" value="" />
    <property name="ant.file" value="/Users/zoyamahmood/Downloads/SMS_GUI/build.xml" />
    <property name="libs.struts.src" value="" />
    <property name="path.separator" value=":" />
    <property name="libs.JAXB-ENDORSED.classpath" value="/Applications/Apache NetBeans.app/Contents/Resources/netbeans/ide/modules/ext/jaxb/api/jaxb-api.jar" />
    <property name="libs.restlib.src" value="" />
    <property name="build.test.results.dir" value="build/test/results" />
    <property name="libs.jaxws21.javadoc" value="/Applications/Apache NetBeans.app/Contents/Resources/netbeans/java/docs/jaxws-api-doc.zip" />
    <property name="libs.javaee-endorsed-api-6.0.javadoc" value="/Applications/Apache NetBeans.app/Contents/Resources/netbeans/enterprise/docs/javaee-doc-api.jar" />
    <property name="libs.spring-framework400.maven-pom" value="" />
    <property name="ap.processors.internal" value="" />
    <property name="module.name" value="" />
    <property name="libs.jsf12.classpath" value="/Applications/Apache NetBeans.app/Contents/Resources/netbeans/enterprise/modules/ext/jsf-1_2/jsf-api.jar:/Applications/Apache NetBeans.app/Contents/Resources/netbeans/enterprise/modules/ext/jsf-1_2/jsf-impl.jar" />
    <property name="libs.spring-webmvc5.0.javadoc" value="" />
    <property name="libs.hamcrest.javadoc" value="" />
    <property name="libs.spring-framework400.javadoc" value="" />
    <property name="do.jar" value="true" />
    <property name="java.vm.info" value="mixed mode" />
    <property name="libs.primefaces.classpath" value="/Applications/Apache NetBeans.app/Contents/Resources/netbeans/enterprise/modules/ext/primefaces/primefaces-5.0.jar" />
    <property name="libs.jaxws21.maven-pom" value="" />
    <property name="run.test.classpath" value="/Users/zoyamahmood/Downloads/db-derby-10.14.2.0-lib 2/lib/derby.jar:/Users/zoyamahmood/Downloads/db-derby-10.14.2.0-lib 2/lib/derbyclient.jar:/Applications/Apache NetBeans.app/Contents/Resources/netbeans/platform/modules/ext/junit-jupiter-api-5.6.0.jar:/Applications/Apache NetBeans.app/Contents/Resources/netbeans/platform/modules/ext/junit-jupiter-params-5.6.0.jar:/Applications/Apache NetBeans.app/Contents/Resources/netbeans/platform/modules/ext/junit-jupiter-engine-5.6.0.jar:/Applications/Apache NetBeans.app/Contents/Resources/netbeans/platform/modules/ext/junit-4.13.2.jar:/Applications/Apache NetBeans.app/Contents/Resources/netbeans/platform/modules/ext/hamcrest-core-1.3.jar:build/classes:build/test/classes" />
    <property name="dist.jlink.output" value="dist/jlink/SMS" />
    <property name="javadoc.encoding.used" value="UTF-8" />
    <property name="java.class.version" value="55.0" />
    <property name="src.dir" value="src" />
    <property name="debug.classpath" value="/Users/zoyamahmood/Downloads/db-derby-10.14.2.0-lib 2/lib/derby.jar:/Users/zoyamahmood/Downloads/db-derby-10.14.2.0-lib 2/lib/derbyclient.jar:/Applications/Apache NetBeans.app/Contents/Resources/netbeans/platform/modules/ext/junit-jupiter-api-5.6.0.jar:/Applications/Apache NetBeans.app/Contents/Resources/netbeans/platform/modules/ext/junit-jupiter-params-5.6.0.jar:/Applications/Apache NetBeans.app/Contents/Resources/netbeans/platform/modules/ext/junit-jupiter-engine-5.6.0.jar:/Applications/Apache NetBeans.app/Contents/Resources/netbeans/platform/modules/ext/junit-4.13.2.jar:/Applications/Apache NetBeans.app/Contents/Resources/netbeans/platform/modules/ext/hamcrest-core-1.3.jar:build/classes" />
    <property name="ant.project.default-target" value="default" />
    <property name="excludes" value="" />
    <property name="libs.javaee-api-7.0.src" value="" />
    <property name="sun.jnu.encoding" value="UTF-8" />
    <property name="libs.junit_4.javadoc" value="/Applications/Apache NetBeans.app/Contents/Resources/netbeans/platform/docs/junit-4.13.2-javadoc.jar" />
    <property name="run.test.jvmargs" value="" />
    <property name="libs.spring-webmvc4.0.src" value="" />
    <property name="sun.java2d.dpiaware" value="true" />
    <property name="main.class.available" value="true" />
    <property name="libs.jsf20.javadoc" value="/Applications/Apache NetBeans.app/Contents/Resources/netbeans/enterprise/docs/javaee-doc-api.jar" />
    <property name="libs.JAVADB_DRIVER_LABEL.classpath" value="/Users/zoyamahmood/Downloads/db-derby-10.14.2.0-bin/lib/derby.jar:/Users/zoyamahmood/Downloads/db-derby-10.14.2.0-bin/lib/derbyclient.jar:/Users/zoyamahmood/Downloads/db-derby-10.14.2.0-bin/lib/derbynet.jar" />
    <property name="netbeans.importclass" value="org.netbeans.upgrade.AutoUpgrade" />
    <property name="netbeans.autoupdate.version" value="1.23" />
    <property name="empty.dir" value="/Users/zoyamahmood/Downloads/SMS_GUI/build/empty" />
    <property name="libs.jakartaee-api-10.0.classpath" value="/Applications/Apache NetBeans.app/Contents/Resources/netbeans/enterprise/modules/ext/jakarta.jakartaee-api-10.0.0.jar" />
    <property name="netbeans.user" value="/Users/zoyamahmood/Library/Application Support/NetBeans/20" />
    <property name="javac.includes.binary" value="/Users/zoyamahmood/Downloads/SMS_GUI/build/test/classes/GUI/AddStudentGradesTest.class" />
    <property name="file.separator" value="/" />
    <property name="ant.file.type.SMS" value="file" />
    <property name="line.separator" value="&#xa;" />
    <property name="javadoc.additionalparam" value="" />
    <property name="libs.spring-webmvc5.0.classpath" value="/Applications/Apache NetBeans.app/Contents/Resources/netbeans/java/modules/ext/spring-5/spring-webmvc-5.2.9.RELEASE.jar" />
    <property name="javac.debug" value="true" />
    <property name="libs.restlib.maven-pom" value="" />
    <property name="libs.testng.classpath" value="/Applications/Apache NetBeans.app/Contents/Resources/netbeans/platform/modules/ext/testng-6.14.3.jar:/Applications/Apache NetBeans.app/Contents/Resources/netbeans/platform/modules/ext/jcommander-1.78.jar" />
    <property name="libs.jsp-compiler.src" value="" />
    <property name="user.name" value="zoyamahmood" />
    <property name="build.classes.dir" value="build/classes" />
    <property name="javadoc.windowtitle" value="" />
    <property name="nb.junit.single" value="false" />
    <property name="nb.internal.action.name" value="run.single" />
    <property name="libs.javaee-api-8.0.maven-pom" value="" />
    <property name="libs.jaxws21.src" value="" />
    <property name="libs.jakartaee-web-api-9.0.javadoc" value="/Applications/Apache NetBeans.app/Contents/Resources/netbeans/enterprise/docs/jakartaee9-doc-api.jar" />
    <property name="apple.awt.application.appearance" value="system" />
    <property name="jna.loaded" value="true" />
    <property name="libs.junit_5.maven-pom" value="" />
    <property name="libs.jpa20-persistence.javadoc" value="/Applications/Apache NetBeans.app/Contents/Resources/netbeans/java/modules/ext/docs/jakarta.persistence-2.2.3-doc.zip" />
    <property name="ant.junit.enabletestlistenerevents" value="true" />
    <property name="libs.JWSAntTasks.src" value="" />
    <property name="ant.home" value="/Applications/Apache NetBeans.app/Contents/Resources/netbeans/extide/ant" />
    <property name="libs.spring-webmvc3.0.src" value="" />
    <property name="debug.test.classpath" value="/Users/zoyamahmood/Downloads/db-derby-10.14.2.0-lib 2/lib/derby.jar:/Users/zoyamahmood/Downloads/db-derby-10.14.2.0-lib 2/lib/derbyclient.jar:/Applications/Apache NetBeans.app/Contents/Resources/netbeans/platform/modules/ext/junit-jupiter-api-5.6.0.jar:/Applications/Apache NetBeans.app/Contents/Resources/netbeans/platform/modules/ext/junit-jupiter-params-5.6.0.jar:/Applications/Apache NetBeans.app/Contents/Resources/netbeans/platform/modules/ext/junit-jupiter-engine-5.6.0.jar:/Applications/Apache NetBeans.app/Contents/Resources/netbeans/platform/modules/ext/junit-4.13.2.jar:/Applications/Apache NetBeans.app/Contents/Resources/netbeans/platform/modules/ext/hamcrest-core-1.3.jar:build/classes:build/test/classes" />
    <property name="javac.external.vm" value="true" />
    <property name="have.tests" value="true" />
    <property name="testng.debug.mode" value="" />
    <property name="javac.target" value="11" />
    <property name="ant.version" value="Apache Ant(TM) version 1.10.14 compiled on August 16 2023" />
    <property name="libs.absolutelayout.maven-pom" value="" />
    <property name="java.failonerror" value="true" />
    <property name="libs.spring-framework500.src" value="" />
    <property name="javac.modulepath" value="" />
    <property name="user.properties.file" value="/Users/zoyamahmood/Library/Application Support/NetBeans/20/build.properties" />
    <property name="libs.javaee-api-6.0.src" value="" />
    <property name="javac.includes" value="GUI/AddStudentGradesTest.java" />
    <property name="netbeans.autoupdate.country" value="NZ" />
    <property name="java.class.path" value="/Users/zoyamahmood/Downloads/db-derby-10.14.2.0-lib 2/lib/derby.jar:/Users/zoyamahmood/Downloads/db-derby-10.14.2.0-lib 2/lib/derbyclient.jar:/Applications/Apache NetBeans.app/Contents/Resources/netbeans/platform/modules/ext/junit-jupiter-api-5.6.0.jar:/Applications/Apache NetBeans.app/Contents/Resources/netbeans/platform/modules/ext/junit-jupiter-params-5.6.0.jar:/Applications/Apache NetBeans.app/Contents/Resources/netbeans/platform/modules/ext/junit-jupiter-engine-5.6.0.jar:/Applications/Apache NetBeans.app/Contents/Resources/netbeans/platform/modules/ext/junit-4.13.2.jar:/Applications/Apache NetBeans.app/Contents/Resources/netbeans/platform/modules/ext/hamcrest-core-1.3.jar:/Users/zoyamahmood/Downloads/SMS_GUI/build/classes:/Users/zoyamahmood/Downloads/SMS_GUI/build/test/classes:/Applications/Apache NetBeans.app/Contents/Resources/netbeans/extide/ant/lib/ant-launcher.jar:/Applications/Apache NetBeans.app/Contents/Resources/netbeans/extide/ant/lib/ant.jar:/Applications/Apache NetBeans.app/Contents/Resources/netbeans/extide/ant/lib/ant-junit.jar:/Applications/Apache NetBeans.app/Contents/Resources/netbeans/extide/ant/lib/ant-junit4.jar" />
    <property name="libs.javaee-web-api-6.0.maven-pom" value="" />
    <property name="java.vm.vendor" value="Oracle Corporation" />
    <property name="ap.supported.internal" value="true" />
    <property name="netbeans.home+have.tests" value="true" />
    <property name="test.binaryexcludes" value="" />
    <property name="javac.compilerargs" value="" />
    <property name="libs.jstl.maven-pom" value="" />
    <property name="libs.jakartaee-web-api-8.0.src" value="" />
    <property name="sun.cpu.endian" value="little" />
    <property name="libs.jakartaee-api-9.0.src" value="" />
    <property name="libs.junit_4.src" value="/Applications/Apache NetBeans.app/Contents/Resources/netbeans/platform/docs/junit-4.13.2-sources.jar" />
    <property name="user.language" value="en" />
    <property name="copylibs.rebase" value="true" />
    <property name="libs.javaee-web-api-6.0.src" value="" />
    <property name="maven.defaultProjectBuilder.disableGlobalModelCache" value="true" />
    <property name="javadoc.nonavbar" value="false" />
    <property name="libs.javaee-api-8.0.src" value="" />
    <property name="ant.java.version" value="11" />
    <property name="libs.junit_4.classpath" value="/Applications/Apache NetBeans.app/Contents/Resources/netbeans/platform/modules/ext/junit-4.13.2.jar" />
    <property name="libs.jakartaee-api-9.0.javadoc" value="/Applications/Apache NetBeans.app/Contents/Resources/netbeans/enterprise/docs/jakartaee9-doc-api.jar" />
    <property name="jlink.launcher.name" value="SMS" />
    <property name="test.binarytestincludes" value="" />
    <property name="libs.spring-webmvc5.0.maven-pom" value="" />
    <property name="libs.junit_4.maven-pom" value="" />
    <property name="libs.jsp-compiler.maven-pom" value="" />
    <property name="runtime.encoding" value="UTF-8" />
    <property name="jlink.additionalmodules" value="" />
    <property name="libs.jakartaee-web-api-10.0.javadoc" value="/Applications/Apache NetBeans.app/Contents/Resources/netbeans/enterprise/docs/jakartaee10-doc-api.jar" />
    <property name="libs.jakartaee-web-api-8.0.classpath" value="/Applications/Apache NetBeans.app/Contents/Resources/netbeans/enterprise/modules/ext/jakarta.jakartaee-web-api-8.0.0.jar" />
    <property name="javac.classpath" value="/Users/zoyamahmood/Downloads/db-derby-10.14.2.0-lib 2/lib/derby.jar:/Users/zoyamahmood/Downloads/db-derby-10.14.2.0-lib 2/lib/derbyclient.jar:/Applications/Apache NetBeans.app/Contents/Resources/netbeans/platform/modules/ext/junit-jupiter-api-5.6.0.jar:/Applications/Apache NetBeans.app/Contents/Resources/netbeans/platform/modules/ext/junit-jupiter-params-5.6.0.jar:/Applications/Apache NetBeans.app/Contents/Resources/netbeans/platform/modules/ext/junit-jupiter-engine-5.6.0.jar:/Applications/Apache NetBeans.app/Contents/Resources/netbeans/platform/modules/ext/junit-4.13.2.jar:/Applications/Apache NetBeans.app/Contents/Resources/netbeans/platform/modules/ext/hamcrest-core-1.3.jar" />
    <property name="ftp.nonProxyHosts" value="local|*.local|169.254/16|*.169.254/16" />
    <property name="dist.jlink.dir" value="dist/jlink" />
    <property name="nb.junit.batch" value="true" />
    <property name="libs.JAVADB_DRIVER_LABEL.maven-pom" value="" />
    <property name="libs.jakartaee-web-api-10.0.maven-pom" value="" />
    <property name="build.test.classes.dir" value="build/test/classes" />
    <property name="ant.file.SMS" value="/Users/zoyamahmood/Downloads/SMS_GUI/build.xml" />
    <property name="libs.spring-framework300.maven-pom" value="" />
    <property name="ant.project.invoked-targets" value="test-single" />
    <property name="libs.jstl.classpath" value="/Applications/Apache NetBeans.app/Contents/Resources/netbeans/enterprise/modules/ext/jstl-impl.jar:/Applications/Apache NetBeans.app/Contents/Resources/netbeans/enterprise/modules/ext/jstl-api.jar" />
    <property name="jna.platform.library.path" value="/usr/lib:/usr/lib" />
    <property name="ap.cmd.line.internal" value="" />
    <property name="libs.PostgreSQLDriver.src" value="" />
    <property name="java.vendor.url.bug" value="https://bugreport.java.com/bugreport/" />
    <property name="annotation.processing.source.output" value="build/generated-sources/ap-source-output" />
    <property name="libs.javaee-endorsed-api-6.0.maven-pom" value="" />
    <property name="user.dir" value="/Users/zoyamahmood/Downloads/SMS_GUI" />
    <property name="platform.java" value="/Library/Java/JavaVirtualMachines/jdk-11.jdk/Contents/Home/bin/java" />
    <property name="application.args" value="" />
    <property name="org.xml.sax.driver" value="com.sun.org.apache.xerces.internal.jaxp.SAXParserImpl$JAXPSAXParser" />
    <property name="libs.jakartaee-web-api-8.0.maven-pom" value="" />
    <property name="libs.eclipselink.src" value="" />
    <property name="java.vm.version" value="11.0.21+9-LTS-193" />
    <property name="libs.metro.javadoc" value="/Applications/Apache NetBeans.app/Contents/Resources/netbeans/enterprise/docs/webservices-api-javadoc.jar:/Applications/Apache NetBeans.app/Contents/Resources/netbeans/enterprise/docs/webservices-extra-javadoc.jar:/Applications/Apache NetBeans.app/Contents/Resources/netbeans/enterprise/docs/webservices-extra-api-javadoc.jar:/Applications/Apache NetBeans.app/Contents/Resources/netbeans/enterprise/docs/webservices-rt-javadoc.jar:/Applications/Apache NetBeans.app/Contents/Resources/netbeans/enterprise/docs/webservices-tools-javadoc.jar" />
    <property name="libs.jakartaee-web-api-9.0.src" value="" />
    <property name="libs.jakartaee-web-api-10.0.classpath" value="/Applications/Apache NetBeans.app/Contents/Resources/netbeans/enterprise/modules/ext/jakarta.jakartaee-web-api-10.0.0.jar" />
    <property name="test.class" value="GUI.AddStudentGradesTest" />
    <property name="sun.awt.datatransfer.timeout" value="1000" />
    <property name="libs.jakartaee-api-8.0.src" value="" />
    <property name="libs.javaee-web-api-7.0.src" value="" />
    <property name="annotation.processing.run.all.processors" value="true" />
    <property name="libs.jsp-compiler.classpath" value="/Applications/Apache NetBeans.app/Contents/Resources/netbeans/enterprise/ant/extra/jspcompile.jar" />
    <property name="junit.forkmode" value="perTest" />
    <property name="libs.javaee-endorsed-api-6.0.classpath" value="/Applications/Apache NetBeans.app/Contents/Resources/netbeans/enterprise/modules/ext/javaee6-endorsed/javax.annotation.jar:/Applications/Apache NetBeans.app/Contents/Resources/netbeans/enterprise/modules/ext/javaee6-endorsed/jaxb-api-osgi.jar:/Applications/Apache NetBeans.app/Contents/Resources/netbeans/enterprise/modules/ext/javaee6-endorsed/webservices-api-osgi.jar" />
  </properties>
  <testcase classname="GUI.AddStudentGradesTest" name="testDeleteGrade" time="4.722" />
  <testcase classname="GUI.AddStudentGradesTest" name="testSaveGrade" time="0.966" />
  <system-out><![CDATA[Selected Student ID: 87654321
Selected Semester: 1
Selected Class: COMP500
Selected Grade: A
Selected Student ID: 87654321
Selected Semester: 1
Selected Class: COMP500
Selected Grade: A
]]></system-out>
  <system-err><![CDATA[]]></system-err>
</testsuite>
